<?xml version="1.0" encoding="UTF-8"?>
<!-- Generated by org.testng.reporters.JUnitReportReporter -->
<testsuite skipped="0" hostname="Lenovo-PC" name="testS.InsuranceTest" tests="1" failures="0" timestamp="22 дек 2017 01:56:04 GMT" time="0.015" errors="0">
  <testcase name="f" time="0.015" classname="testS.InsuranceTest"/>
</testsuite> <!-- testS.InsuranceTest -->
