<?xml version="1.0" encoding="UTF-8"?>
<!-- Generated by org.testng.reporters.JUnitReportReporter -->
<testsuite skipped="0" hostname="Lenovo-PC" name="testS.DataBaseTest" tests="6" failures="0" timestamp="22 дек 2017 02:35:11 GMT" time="0.011" errors="0">
  <testcase name="getInsuranceTest" time="0.000" classname="testS.DataBaseTest"/>
  <testcase name="updateDriverTest" time="0.001" classname="testS.DataBaseTest"/>
  <testcase name="getCarInsuranceTest" time="0.001" classname="testS.DataBaseTest"/>
  <testcase name="deleteCarByNumberTest" time="0.001" classname="testS.DataBaseTest"/>
  <testcase name="setAndGetDataBaseTest" time="0.002" classname="testS.DataBaseTest"/>
  <testcase name="addDriverTest" time="0.006" classname="testS.DataBaseTest"/>
</testsuite> <!-- testS.DataBaseTest -->
