<?xml version="1.0" encoding="UTF-8"?>
<!-- Generated by org.testng.reporters.JUnitReportReporter -->
<testsuite skipped="0" hostname="Lenovo-PC" name="testS.SortTest" tests="1" failures="0" timestamp="22 дек 2017 01:55:30 GMT" time="0.000" errors="0">
  <testcase name="f" time="0.000" classname="testS.SortTest"/>
</testsuite> <!-- testS.SortTest -->
