<?xml version="1.0" encoding="UTF-8"?>
<!-- Generated by org.testng.reporters.JUnitReportReporter -->
<testsuite skipped="0" hostname="Lenovo-PC" name="testS.NewTest" tests="1" failures="0" timestamp="06 дек 2017 21:52:17 GMT" time="0.024" errors="0">
  <testcase name="f" time="0.024" classname="testS.NewTest"/>
</testsuite> <!-- testS.NewTest -->
